<?xml version="1.0" encoding="UTF-8"?>
<testng-results ignored="0" total="1" passed="1" failed="0" skipped="0">
  <reporter-output>
  </reporter-output>
  <suite started-at="2024-08-26T15:30:56 EDT" name="Default suite" finished-at="2024-08-26T15:30:56 EDT" duration-ms="336">
    <groups>
    </groups>
    <test started-at="2024-08-26T15:30:56 EDT" name="Default test" finished-at="2024-08-26T15:30:56 EDT" duration-ms="336">
      <class name="HttpMethods_RestAssured.faker_test">
        <test-method signature="generate_RandomData()[pri:0, instance:HttpMethods_RestAssured.faker_test@647e447]" started-at="2024-08-26T15:30:56 EDT" name="generate_RandomData" finished-at="2024-08-26T15:30:56 EDT" duration-ms="279" status="PASS">
          <reporter-output>
          </reporter-output>
        </test-method> <!-- generate_RandomData -->
      </class> <!-- HttpMethods_RestAssured.faker_test -->
    </test> <!-- Default test -->
  </suite> <!-- Default suite -->
</testng-results>
